2022-06-10 16:10:18,622 INFO:  * Running on http://127.0.0.1:8000 (Press CTRL+C to quit)
2022-06-10 16:10:18,623 INFO:  * Restarting with stat
2022-06-10 16:10:19,199 WARNING:  * Debugger is active!
2022-06-10 16:10:19,206 INFO:  * Debugger PIN: 697-546-918
2022-06-10 16:10:30,325 INFO:  * Detected change in 'D:\\Git-Repositorio\\API_PYTHON_CORE\\api-promotions\\backend\\main\\log.py', reloading
2022-06-10 16:10:30,364 INFO:  * Restarting with stat
2022-06-10 16:10:42,865 INFO:  * Running on http://127.0.0.1:8000 (Press CTRL+C to quit)
2022-06-10 16:10:42,867 INFO:  * Restarting with stat
2022-06-10 16:10:43,418 WARNING:  * Debugger is active!
2022-06-10 16:10:43,424 INFO:  * Debugger PIN: 697-546-918
2022-06-10 16:11:32,702 INFO:  * Detected change in 'D:\\Git-Repositorio\\API_PYTHON_CORE\\api-promotions\\backend\\main\\log.py', reloading
2022-06-10 16:11:32,740 INFO:  * Restarting with stat
2022-06-10 16:12:31,669 INFO:  * Running on http://127.0.0.1:8000 (Press CTRL+C to quit)
2022-06-10 16:12:31,671 INFO:  * Restarting with stat
2022-06-10 16:12:32,227 WARNING:  * Debugger is active!
2022-06-10 16:12:32,235 INFO:  * Debugger PIN: 697-546-918
2022-06-10 16:12:50,228 INFO: 1. Request  >> {"id_client": 79843784, "name": "Javier", "surname": "Amaya", "phone": "3124430502", "email": "j_amaya1@hotmail.com"}
2022-06-10 16:12:50,392 INFO: 2. Response(0)  >> {"statusCode": 0, "statusName": "ERROR", "message": "El cliente ya recibio el maximo de cupones permitidos en el mes.", "data": [{"code": "CUPON NO VALIDO", "discount_rate": "0.00", "id_cliente": 79843784, "name": "Javier", "surname": "Amaya", "phone": "3124430502", "start_date": "09/06/2022", "finish_date": "09/06/2022", "contest_message": "", "terms_conditions": ""}], "recordCount": 1, "messageDate": "2022-06-10T21:12:50.392Z"}
2022-06-10 16:12:50,393 INFO: 127.0.0.1 - - [10/Jun/2022 16:12:50] "POST /generate-coupon HTTP/1.1" 200 -
2022-06-10 16:13:08,126 INFO: 1. Request  >> {"id_client": 79843784, "name": "Javier", "surname": "Amaya", "phone": "3124430502", "email": "j_amaya1@hotmail.com"}
2022-06-10 16:13:08,142 INFO: 2. Response(0)  >> {"statusCode": 0, "statusName": "ERROR", "message": "El cliente ya recibio el maximo de cupones permitidos en el mes.", "data": [{"code": "CUPON NO VALIDO", "discount_rate": "0.00", "id_cliente": 79843784, "name": "Javier", "surname": "Amaya", "phone": "3124430502", "start_date": "09/06/2022", "finish_date": "09/06/2022", "contest_message": "", "terms_conditions": ""}], "recordCount": 1, "messageDate": "2022-06-10T21:13:08.142Z"}
2022-06-10 16:13:08,143 INFO: 127.0.0.1 - - [10/Jun/2022 16:13:08] "POST /generate-coupon HTTP/1.1" 200 -
2022-06-10 16:13:08,766 INFO: 1. Request  >> {"id_client": 79843784, "name": "Javier", "surname": "Amaya", "phone": "3124430502", "email": "j_amaya1@hotmail.com"}
2022-06-10 16:13:08,776 INFO: 2. Response(0)  >> {"statusCode": 0, "statusName": "ERROR", "message": "El cliente ya recibio el maximo de cupones permitidos en el mes.", "data": [{"code": "CUPON NO VALIDO", "discount_rate": "0.00", "id_cliente": 79843784, "name": "Javier", "surname": "Amaya", "phone": "3124430502", "start_date": "09/06/2022", "finish_date": "09/06/2022", "contest_message": "", "terms_conditions": ""}], "recordCount": 1, "messageDate": "2022-06-10T21:13:08.776Z"}
2022-06-10 16:13:08,777 INFO: 127.0.0.1 - - [10/Jun/2022 16:13:08] "POST /generate-coupon HTTP/1.1" 200 -
2022-06-10 16:14:14,042 INFO:  * Detected change in 'D:\\Git-Repositorio\\API_PYTHON_CORE\\api-promotions\\backend\\main\\resources\\GenerateCoupons.py', reloading
2022-06-10 16:14:14,082 INFO:  * Restarting with stat
2022-06-10 16:14:14,676 WARNING:  * Debugger is active!
2022-06-10 16:14:14,683 INFO:  * Debugger PIN: 697-546-918
2022-06-10 16:14:16,980 INFO:  * Detected change in 'D:\\Git-Repositorio\\API_PYTHON_CORE\\api-promotions\\backend\\main\\resources\\GenerateCoupons.py', reloading
2022-06-10 16:14:17,021 INFO:  * Restarting with stat
2022-06-10 16:14:17,631 WARNING:  * Debugger is active!
2022-06-10 16:14:17,638 INFO:  * Debugger PIN: 697-546-918
2022-06-10 16:14:18,865 INFO:  * Detected change in 'D:\\Git-Repositorio\\API_PYTHON_CORE\\api-promotions\\backend\\main\\resources\\GenerateCoupons.py', reloading
2022-06-10 16:14:18,904 INFO:  * Restarting with stat
2022-06-10 16:14:19,496 WARNING:  * Debugger is active!
2022-06-10 16:14:19,503 INFO:  * Debugger PIN: 697-546-918
2022-06-10 16:14:27,277 INFO:  * Detected change in 'D:\\Git-Repositorio\\API_PYTHON_CORE\\api-promotions\\backend\\main\\resources\\GenerateCoupons.py', reloading
2022-06-10 16:14:27,315 INFO:  * Restarting with stat
2022-06-10 16:14:27,909 WARNING:  * Debugger is active!
2022-06-10 16:14:27,915 INFO:  * Debugger PIN: 697-546-918
2022-06-10 16:14:31,359 INFO:  * Detected change in 'D:\\Git-Repositorio\\API_PYTHON_CORE\\api-promotions\\backend\\main\\resources\\GenerateCoupons.py', reloading
2022-06-10 16:14:31,398 INFO:  * Restarting with stat
2022-06-10 16:14:31,973 WARNING:  * Debugger is active!
2022-06-10 16:14:31,979 INFO:  * Debugger PIN: 697-546-918
2022-06-10 16:15:14,119 INFO: 1. Request  >> {"id_client": 79843784, "name": "Javier", "surname": "Amaya", "phone": "3124430502", "email": "j_amaya1@hotmail.com"}
2022-06-10 16:15:14,282 INFO: 2. Response(200)  >> {"statusCode": 0, "statusName": "ERROR", "message": "El cliente ya recibio el maximo de cupones permitidos en el mes.", "data": [{"code": "CUPON NO VALIDO", "discount_rate": "0.00", "id_cliente": 79843784, "name": "Javier", "surname": "Amaya", "phone": "3124430502", "start_date": "09/06/2022", "finish_date": "09/06/2022", "contest_message": "", "terms_conditions": ""}], "recordCount": 1, "messageDate": "2022-06-10T21:15:14.281Z"}
2022-06-10 16:15:14,283 INFO: 127.0.0.1 - - [10/Jun/2022 16:15:14] "POST /generate-coupon HTTP/1.1" 200 -
2022-06-10 16:15:39,541 INFO: 1. Request  >> {"id_client": 79843784, "name": "Javier", "surname": "Amaya", "phone": "3124430502", "email": "j_amaya1@hotmail.com", "enroll_plan_loyalty": "N"}
2022-06-10 16:15:39,557 INFO: 2. Response(200)  >> {"statusCode": 0, "statusName": "ERROR", "message": "El cliente ya recibio el maximo de cupones permitidos en el mes.", "data": [{"code": "CUPON NO VALIDO", "discount_rate": "0.00", "id_cliente": 79843784, "name": "Javier", "surname": "Amaya", "phone": "3124430502", "start_date": "09/06/2022", "finish_date": "09/06/2022", "contest_message": "", "terms_conditions": ""}], "recordCount": 1, "messageDate": "2022-06-10T21:15:39.557Z"}
2022-06-10 16:15:39,558 INFO: 127.0.0.1 - - [10/Jun/2022 16:15:39] "POST /generate-coupon HTTP/1.1" 200 -
2022-06-10 16:16:05,125 INFO:  * Detected change in 'D:\\Git-Repositorio\\API_PYTHON_CORE\\api-promotions\\backend\\main\\resources\\GenerateCoupons.py', reloading
2022-06-10 16:16:05,185 INFO:  * Restarting with stat
2022-06-10 16:16:05,786 WARNING:  * Debugger is active!
2022-06-10 16:16:05,792 INFO:  * Debugger PIN: 697-546-918
2022-06-10 16:16:07,030 INFO:  * Detected change in 'D:\\Git-Repositorio\\API_PYTHON_CORE\\api-promotions\\backend\\main\\resources\\GenerateCoupons.py', reloading
2022-06-10 16:16:07,069 INFO:  * Restarting with stat
2022-06-10 16:16:07,678 WARNING:  * Debugger is active!
2022-06-10 16:16:07,685 INFO:  * Debugger PIN: 697-546-918
2022-06-10 16:16:08,938 INFO:  * Detected change in 'D:\\Git-Repositorio\\API_PYTHON_CORE\\api-promotions\\backend\\main\\resources\\GenerateCoupons.py', reloading
2022-06-10 16:16:08,979 INFO:  * Restarting with stat
2022-06-10 16:16:09,592 WARNING:  * Debugger is active!
2022-06-10 16:16:09,599 INFO:  * Debugger PIN: 697-546-918
2022-06-10 16:16:10,850 INFO:  * Detected change in 'D:\\Git-Repositorio\\API_PYTHON_CORE\\api-promotions\\backend\\main\\resources\\GenerateCoupons.py', reloading
2022-06-10 16:16:10,888 INFO:  * Restarting with stat
2022-06-10 16:16:11,505 WARNING:  * Debugger is active!
2022-06-10 16:16:11,512 INFO:  * Debugger PIN: 697-546-918
2022-06-10 16:16:18,207 INFO:  * Detected change in 'D:\\Git-Repositorio\\API_PYTHON_CORE\\api-promotions\\backend\\main\\resources\\GenerateCoupons.py', reloading
2022-06-10 16:16:18,246 INFO:  * Restarting with stat
2022-06-10 16:16:18,831 WARNING:  * Debugger is active!
2022-06-10 16:16:18,837 INFO:  * Debugger PIN: 697-546-918
2022-06-10 16:16:23,604 INFO: 1. Request  >> {"id_client": 79843784, "name": "Javier", "surname": "Amaya", "phone": "3124430502", "email": "j_amaya1@hotmail.com", "enroll_plan_loyalty": "N"}
2022-06-10 16:16:23,767 INFO: 2. Response(200)  >> {"statusCode": 0, "statusName": "ERROR", "message": "El cliente ya recibio el maximo de cupones permitidos en el mes.", "data": [{"code": "CUPON NO VALIDO", "discount_rate": "0.00", "id_cliente": 79843784, "name": "Javier", "surname": "Amaya", "phone": "3124430502", "start_date": "09/06/2022", "finish_date": "09/06/2022", "contest_message": "", "terms_conditions": ""}], "recordCount": 1, "messageDate": "2022-06-10T21:16:23.767Z"}
2022-06-10 16:16:23,768 INFO: 127.0.0.1 - - [10/Jun/2022 16:16:23] "POST /generate-coupon HTTP/1.1" 200 -
2022-06-10 16:16:39,956 INFO: 1. Request  >> {"id_client": 79843784, "name": "Javier", "surname": "Amaya", "phone": "3124430502", "email": "j_amaya1@hotmail.com", "enroll_plan_loyalty": "N"}
2022-06-10 16:16:40,130 INFO: 127.0.0.1 - - [10/Jun/2022 16:16:40] "[35m[1mPOST /generate-coupon HTTP/1.1[0m" 500 -
2022-06-10 16:16:41,666 INFO: 127.0.0.1 - - [10/Jun/2022 16:16:41] "[36mGET /generate-coupon?__debugger__=yes&cmd=resource&f=debugger.js HTTP/1.1[0m" 304 -
2022-06-10 16:16:41,667 INFO: 127.0.0.1 - - [10/Jun/2022 16:16:41] "[36mGET /generate-coupon?__debugger__=yes&cmd=resource&f=style.css HTTP/1.1[0m" 304 -
2022-06-10 16:16:41,830 INFO: 127.0.0.1 - - [10/Jun/2022 16:16:41] "[36mGET /generate-coupon?__debugger__=yes&cmd=resource&f=console.png HTTP/1.1[0m" 304 -
2022-06-10 16:19:54,071 INFO:  * Detected change in 'D:\\Git-Repositorio\\API_PYTHON_CORE\\api-promotions\\backend\\main\\log.py', reloading
2022-06-10 16:19:54,111 INFO:  * Restarting with stat
2022-06-10 16:19:54,728 WARNING:  * Debugger is active!
2022-06-10 16:19:54,735 INFO:  * Debugger PIN: 697-546-918
2022-06-10 16:20:02,524 INFO:  * Detected change in 'D:\\Git-Repositorio\\API_PYTHON_CORE\\api-promotions\\backend\\main\\log.py', reloading
2022-06-10 16:20:02,565 INFO:  * Restarting with stat
2022-06-10 16:20:03,171 WARNING:  * Debugger is active!
2022-06-10 16:20:03,178 INFO:  * Debugger PIN: 697-546-918
2022-06-10 16:20:10,967 INFO:  * Detected change in 'D:\\Git-Repositorio\\API_PYTHON_CORE\\api-promotions\\backend\\main\\log.py', reloading
2022-06-10 16:20:11,005 INFO:  * Restarting with stat
2022-06-10 16:20:11,595 WARNING:  * Debugger is active!
2022-06-10 16:20:11,603 INFO:  * Debugger PIN: 697-546-918
2022-06-10 16:20:12,853 INFO:  * Detected change in 'D:\\Git-Repositorio\\API_PYTHON_CORE\\api-promotions\\backend\\main\\log.py', reloading
2022-06-10 16:20:12,896 INFO:  * Restarting with stat
2022-06-10 16:20:13,514 WARNING:  * Debugger is active!
2022-06-10 16:20:13,522 INFO:  * Debugger PIN: 697-546-918
2022-06-10 16:20:19,182 INFO:  * Detected change in 'D:\\Git-Repositorio\\API_PYTHON_CORE\\api-promotions\\backend\\main\\log.py', reloading
2022-06-10 16:20:19,222 INFO:  * Restarting with stat
2022-06-10 16:20:19,868 WARNING:  * Debugger is active!
2022-06-10 16:20:19,875 INFO:  * Debugger PIN: 697-546-918
2022-06-10 16:20:22,225 INFO:  * Detected change in 'D:\\Git-Repositorio\\API_PYTHON_CORE\\api-promotions\\backend\\main\\log.py', reloading
2022-06-10 16:20:22,266 INFO:  * Restarting with stat
2022-06-10 16:20:22,912 WARNING:  * Debugger is active!
2022-06-10 16:20:22,920 INFO:  * Debugger PIN: 697-546-918
2022-06-10 16:20:25,236 INFO:  * Detected change in 'D:\\Git-Repositorio\\API_PYTHON_CORE\\api-promotions\\backend\\main\\log.py', reloading
2022-06-10 16:20:25,277 INFO:  * Restarting with stat
2022-06-10 16:20:25,942 WARNING:  * Debugger is active!
2022-06-10 16:20:25,950 INFO:  * Debugger PIN: 697-546-918
2022-06-10 16:20:34,910 INFO:  * Detected change in 'D:\\Git-Repositorio\\API_PYTHON_CORE\\api-promotions\\backend\\main\\log.py', reloading
2022-06-10 16:20:34,950 INFO:  * Restarting with stat
2022-06-10 16:20:35,550 WARNING:  * Debugger is active!
2022-06-10 16:20:35,557 INFO:  * Debugger PIN: 697-546-918
2022-06-10 16:20:37,892 INFO:  * Detected change in 'D:\\Git-Repositorio\\API_PYTHON_CORE\\api-promotions\\backend\\main\\log.py', reloading
2022-06-10 16:20:37,930 INFO:  * Restarting with stat
2022-06-10 16:20:38,589 WARNING:  * Debugger is active!
2022-06-10 16:20:38,596 INFO:  * Debugger PIN: 697-546-918
2022-06-10 16:20:40,905 INFO:  * Detected change in 'D:\\Git-Repositorio\\API_PYTHON_CORE\\api-promotions\\backend\\main\\log.py', reloading
2022-06-10 16:20:40,944 INFO:  * Restarting with stat
2022-06-10 16:20:41,577 WARNING:  * Debugger is active!
2022-06-10 16:20:41,584 INFO:  * Debugger PIN: 697-546-918
2022-06-10 16:20:44,992 INFO:  * Detected change in 'D:\\Git-Repositorio\\API_PYTHON_CORE\\api-promotions\\backend\\main\\log.py', reloading
2022-06-10 16:20:45,033 INFO:  * Restarting with stat
2022-06-10 16:20:45,629 WARNING:  * Debugger is active!
2022-06-10 16:20:45,635 INFO:  * Debugger PIN: 697-546-918
2022-06-10 16:20:47,957 INFO:  * Detected change in 'D:\\Git-Repositorio\\API_PYTHON_CORE\\api-promotions\\backend\\main\\log.py', reloading
2022-06-10 16:20:48,013 INFO:  * Restarting with stat
2022-06-10 16:20:48,647 WARNING:  * Debugger is active!
2022-06-10 16:20:48,653 INFO:  * Debugger PIN: 697-546-918
2022-06-10 16:20:50,968 INFO:  * Detected change in 'D:\\Git-Repositorio\\API_PYTHON_CORE\\api-promotions\\backend\\main\\log.py', reloading
2022-06-10 16:20:51,009 INFO:  * Restarting with stat
2022-06-10 16:20:51,625 WARNING:  * Debugger is active!
2022-06-10 16:20:51,632 INFO:  * Debugger PIN: 697-546-918
2022-06-10 16:22:02,106 INFO:  * Running on http://127.0.0.1:8000 (Press CTRL+C to quit)
2022-06-10 16:22:02,107 INFO:  * Restarting with stat
2022-06-10 16:22:02,669 WARNING:  * Debugger is active!
2022-06-10 16:22:02,675 INFO:  * Debugger PIN: 697-546-918
2022-06-10 16:22:06,755 INFO: 1. Request  >> {"id_client": 79843784, "name": "Javier", "surname": "Amaya", "phone": "3124430502", "email": "j_amaya1@hotmail.com", "enroll_plan_loyalty": "N"}
2022-06-10 16:22:06,936 INFO: 127.0.0.1 - - [10/Jun/2022 16:22:06] "[35m[1mPOST /generate-coupon HTTP/1.1[0m" 500 -
2022-06-10 16:22:07,174 INFO: 127.0.0.1 - - [10/Jun/2022 16:22:07] "[36mGET /generate-coupon?__debugger__=yes&cmd=resource&f=style.css HTTP/1.1[0m" 304 -
2022-06-10 16:22:07,175 INFO: 127.0.0.1 - - [10/Jun/2022 16:22:07] "[36mGET /generate-coupon?__debugger__=yes&cmd=resource&f=debugger.js HTTP/1.1[0m" 304 -
2022-06-10 16:22:07,185 INFO: 127.0.0.1 - - [10/Jun/2022 16:22:07] "[36mGET /generate-coupon?__debugger__=yes&cmd=resource&f=console.png HTTP/1.1[0m" 304 -
2022-06-10 16:23:07,405 INFO:  * Detected change in 'D:\\Git-Repositorio\\API_PYTHON_CORE\\api-promotions\\backend\\main\\log.py', reloading
2022-06-10 16:23:07,446 INFO:  * Restarting with stat
2022-06-10 16:23:08,250 WARNING:  * Debugger is active!
2022-06-10 16:23:08,256 INFO:  * Debugger PIN: 697-546-918
2022-06-10 16:23:09,483 INFO:  * Detected change in 'D:\\Git-Repositorio\\API_PYTHON_CORE\\api-promotions\\backend\\main\\log.py', reloading
2022-06-10 16:23:09,523 INFO:  * Restarting with stat
2022-06-10 16:23:10,105 WARNING:  * Debugger is active!
2022-06-10 16:23:10,111 INFO:  * Debugger PIN: 697-546-918
2022-06-10 16:23:19,919 INFO:  * Running on http://127.0.0.1:8000 (Press CTRL+C to quit)
2022-06-10 16:23:19,921 INFO:  * Restarting with stat
2022-06-10 16:23:20,486 WARNING:  * Debugger is active!
2022-06-10 16:23:20,492 INFO:  * Debugger PIN: 697-546-918
2022-06-10 16:23:22,597 INFO: 1. Request  >> {"id_client": 79843784, "name": "Javier", "surname": "Amaya", "phone": "3124430502", "email": "j_amaya1@hotmail.com", "enroll_plan_loyalty": "N"}
2022-06-10 16:23:22,753 INFO: 2. Response(409)  >> {"statusCode": -1, "statusName": "ERROR", "message": "[IBM][CLI Driver][IDS/UNIX64] Routine (proc_sv_generar_cupon) can not be resolved.  SQLCODE=-674", "data": [], "recordCount": 0, "messageDate": "2022-06-10T21:23:22.752Z"}
2022-06-10 16:23:22,755 INFO: 127.0.0.1 - - [10/Jun/2022 16:23:22] "[31m[1mPOST /generate-coupon HTTP/1.1[0m" 409 -
2022-06-10 16:23:57,204 INFO: 1. Request  >> {"id_client": 79843784, "name": "Javier", "surname": "Amaya", "phone": "3124430502", "email": "j_amaya1@hotmail.com", "enroll_plan_loyalty": "N"}
2022-06-10 16:23:57,214 INFO: 2. Response(200)  >> {"statusCode": 0, "statusName": "ERROR", "message": "El cliente ya recibio el maximo de cupones permitidos en el mes.", "data": [{"code": "CUPON NO VALIDO", "discount_rate": "0.00", "id_cliente": 79843784, "name": "Javier", "surname": "Amaya", "phone": "3124430502", "start_date": "09/06/2022", "finish_date": "09/06/2022", "contest_message": "", "terms_conditions": ""}], "recordCount": 1, "messageDate": "2022-06-10T21:23:57.214Z"}
2022-06-10 16:23:57,215 INFO: 127.0.0.1 - - [10/Jun/2022 16:23:57] "POST /generate-coupon HTTP/1.1" 200 -
